g:\0word\ccdll\ccdll\debug\ccdll.pch
g:\0word\ccdll\ccdll\debug\vc141.pdb
g:\0word\ccdll\ccdll\debug\vc141.idb
g:\0word\ccdll\ccdll\debug\stdafx.obj
g:\0word\ccdll\ccdll\debug\hook.obj
g:\0word\ccdll\ccdll\debug\dllmain.obj
g:\0word\ccdll\ccdll\debug\ccdll.obj
g:\0word\ccdll\debug\ccdll.ilk
g:\0word\ccdll\debug\ccdll.dll
g:\0word\ccdll\debug\ccdll.pdb
g:\0word\ccdll\ccdll\debug\ccdll.res
g:\0word\ccdll\ccdll\debug\ccdll.tlog\cl.command.1.tlog
g:\0word\ccdll\ccdll\debug\ccdll.tlog\cl.read.1.tlog
g:\0word\ccdll\ccdll\debug\ccdll.tlog\cl.write.1.tlog
g:\0word\ccdll\ccdll\debug\ccdll.tlog\link.command.1.tlog
g:\0word\ccdll\ccdll\debug\ccdll.tlog\link.read.1.tlog
g:\0word\ccdll\ccdll\debug\ccdll.tlog\link.write.1.tlog
g:\0word\ccdll\ccdll\debug\ccdll.tlog\rc.command.1.tlog
g:\0word\ccdll\ccdll\debug\ccdll.tlog\rc.read.1.tlog
g:\0word\ccdll\ccdll\debug\ccdll.tlog\rc.write.1.tlog
