  stdafx.cpp
  CcDll.cpp
f:\0word\ccdll\ccdll\ccdll.cpp(19): warning C4838: 从“int”转换到“char”需要收缩转换
f:\0word\ccdll\ccdll\ccdll.cpp(19): warning C4309: “初始化”: 截断常量值
f:\0word\ccdll\ccdll\ccdll.cpp(34): warning C4838: 从“int”转换到“char”需要收缩转换
f:\0word\ccdll\ccdll\ccdll.cpp(34): warning C4309: “初始化”: 截断常量值
f:\0word\ccdll\ccdll\ccdll.cpp(35): warning C4838: 从“int”转换到“char”需要收缩转换
f:\0word\ccdll\ccdll\ccdll.cpp(35): warning C4309: “初始化”: 截断常量值
f:\0word\ccdll\ccdll\ccdll.cpp(47): warning C4838: 从“int”转换到“char”需要收缩转换
f:\0word\ccdll\ccdll\ccdll.cpp(47): warning C4309: “初始化”: 截断常量值
f:\0word\ccdll\ccdll\ccdll.cpp(197): warning C4018: “<”: 有符号/无符号不匹配
f:\0word\ccdll\ccdll\ccdll.cpp(202): warning C4018: “<”: 有符号/无符号不匹配
f:\0word\ccdll\ccdll\ccdll.cpp(290): warning C4838: 从“int”转换到“char”需要收缩转换
f:\0word\ccdll\ccdll\ccdll.cpp(290): warning C4309: “初始化”: 截断常量值
f:\0word\ccdll\ccdll\ccdll.cpp(295): warning C4018: “<”: 有符号/无符号不匹配
f:\0word\ccdll\ccdll\ccdll.cpp(302): warning C4018: “<”: 有符号/无符号不匹配
f:\0word\ccdll\ccdll\ccdll.cpp(316): warning C4018: “<”: 有符号/无符号不匹配
f:\0word\ccdll\ccdll\ccdll.cpp(351): warning C4838: 从“int”转换到“char”需要收缩转换
f:\0word\ccdll\ccdll\ccdll.cpp(351): warning C4309: “初始化”: 截断常量值
f:\0word\ccdll\ccdll\ccdll.cpp(356): warning C4018: “<”: 有符号/无符号不匹配
f:\0word\ccdll\ccdll\ccdll.cpp(361): warning C4018: “<”: 有符号/无符号不匹配
  dllmain.cpp
f:\0word\ccdll\ccdll\dllmain.cpp(74): warning C4838: 从“int”转换到“char”需要收缩转换
f:\0word\ccdll\ccdll\dllmain.cpp(74): warning C4309: “初始化”: 截断常量值
f:\0word\ccdll\ccdll\dllmain.cpp(216): warning C4838: 从“int”转换到“char”需要收缩转换
f:\0word\ccdll\ccdll\dllmain.cpp(216): warning C4309: “初始化”: 截断常量值
  Hook.cpp
f:\0word\ccdll\ccdll\hook.cpp(146): warning C4477: “sprintf_s”: 格式字符串“%x”需要类型“unsigned int”的参数，但可变参数 1 拥有了类型“PGoodsInfo”
  正在生成代码...
f:\0word\ccdll\ccdll\ccdll.cpp(386): warning C4715: “ChangePeopleMem”: 不是所有的控件路径都返回值
  CcDll.vcxproj -> F:\0word\CcDll\Debug\CcDll.dll
